<?xml version="1.0" encoding="UTF-8"?>
<!-- Generated by org.testng.reporters.JUnitReportReporter -->
<testsuite skipped="0" hostname="DESKTOP-O6S8VEP" name="com.prestashop.tests.UnitTest" tests="4" failures="0" timestamp="21 Jun 2018 06:03:03 GMT" time="14.203" errors="0">
  <testcase name="invalidEmailTest" time="3.453" classname="com.prestashop.tests.UnitTest"/>
  <testcase name="wrongcredentialTest" time="4.295" classname="com.prestashop.tests.UnitTest"/>
  <testcase name="blankPasswordTest" time="3.235" classname="com.prestashop.tests.UnitTest"/>
  <testcase name="blankEmailTest" time="3.220" classname="com.prestashop.tests.UnitTest"/>
</testsuite> <!-- com.prestashop.tests.UnitTest -->
