<?xml version="1.0" encoding="UTF-8"?>
<!-- Generated by org.testng.reporters.JUnitReportReporter -->
<testsuite skipped="0" hostname="DESKTOP-O6S8VEP" name="com.prestashop.tests.PrestaShopAutomationPractice" tests="4" failures="0" timestamp="20 Jun 2018 14:31:57 GMT" time="28.618" errors="0">
  <testcase name="blankEmailTest" time="6.860" classname="com.prestashop.tests.PrestaShopAutomationPractice"/>
  <testcase name="blankPasswordTest" time="7.345" classname="com.prestashop.tests.PrestaShopAutomationPractice"/>
  <testcase name="invalidEmailTest" time="7.381" classname="com.prestashop.tests.PrestaShopAutomationPractice"/>
  <testcase name="wrongCredentialsTest" time="7.032" classname="com.prestashop.tests.PrestaShopAutomationPractice"/>
</testsuite> <!-- com.prestashop.tests.PrestaShopAutomationPractice -->
