<?xml version="1.0" encoding="UTF-8"?>
<!-- Generated by org.testng.reporters.JUnitReportReporter -->
<testsuite skipped="0" hostname="DESKTOP-O6S8VEP" name="com.prestashop.tests.UnitTestPositive" tests="1" failures="0" timestamp="21 Jun 2018 06:00:45 GMT" time="7.314" errors="0">
  <testcase name="invalidEmailTest" time="7.314" classname="com.prestashop.tests.UnitTestPositive"/>
</testsuite> <!-- com.prestashop.tests.UnitTestPositive -->
