<?xml version="1.0" encoding="UTF-8"?>
<!-- Generated by org.testng.reporters.JUnitReportReporter -->
<testsuite skipped="0" hostname="DESKTOP-O6S8VEP" name="com.prestashop.tests.PrestaShopAutomationPractice" tests="4" failures="0" timestamp="24 Jun 2018 22:22:24 GMT" time="27.648" errors="0">
  <testcase name="blankEmailTest" time="6.748" classname="com.prestashop.tests.PrestaShopAutomationPractice"/>
  <testcase name="blankPasswordTest" time="6.882" classname="com.prestashop.tests.PrestaShopAutomationPractice"/>
  <testcase name="invalidEmailTest" time="7.022" classname="com.prestashop.tests.PrestaShopAutomationPractice"/>
  <testcase name="wrongCredentialsTest" time="6.996" classname="com.prestashop.tests.PrestaShopAutomationPractice"/>
</testsuite> <!-- com.prestashop.tests.PrestaShopAutomationPractice -->
