<?xml version="1.0" encoding="UTF-8"?>
<!-- Generated by org.testng.reporters.JUnitReportReporter -->
<testsuite skipped="0" hostname="DESKTOP-O6S8VEP" name="com.prestashop.tests.PrestaShopAutomationPractice$LoginPositiveScenarios" tests="1" failures="0" timestamp="24 Jun 2018 22:22:24 GMT" time="8.964" errors="0">
  <testcase name="loginTest" time="8.964" classname="com.prestashop.tests.PrestaShopAutomationPractice$LoginPositiveScenarios"/>
</testsuite> <!-- com.prestashop.tests.PrestaShopAutomationPractice$LoginPositiveScenarios -->
